>20:08:08.038 INFO  [main] com.goit.restaurant.dao.DaoCommons - Loading JDBC driver: org.postgresql.Driver
>20:08:08.087 INFO  [main] com.goit.restaurant.dao.DaoCommons - Driver successfully loaded
>20:08:08.486 INFO  [main] com.goit.restaurant.dao.DeskDaoImpl - Desk with NUMBER qwerty desk is creating in DB
>20:08:08.527 INFO  [main] com.goit.restaurant.dao.DeskDaoImpl - Desk with ID 22 is updating from DB
>20:08:08.555 INFO  [main] com.goit.restaurant.dao.DeskDaoImpl - Desk with ID 22 is deleting from DB
>20:08:08.557 INFO  [main] com.goit.restaurant.dao.DaoCommons - Loading JDBC driver: org.postgresql.Driver
>20:08:08.558 INFO  [main] com.goit.restaurant.dao.DaoCommons - Driver successfully loaded
>20:08:08.597 INFO  [main] com.goit.restaurant.dao.DaoCommons - Loading JDBC driver: org.postgresql.Driver
>20:08:08.599 INFO  [main] com.goit.restaurant.dao.DaoCommons - Driver successfully loaded
>20:08:08.623 INFO  [main] com.goit.restaurant.dao.DeskDaoImpl - Desk with NUMBER Test desk number is creating in DB
>20:08:08.665 INFO  [main] com.goit.restaurant.dao.DeskDaoImpl - Desk with ID 23 is deleting from DB
>20:08:08.667 INFO  [main] com.goit.restaurant.dao.DaoCommons - Loading JDBC driver: org.postgresql.Driver
>20:08:08.667 INFO  [main] com.goit.restaurant.dao.DaoCommons - Driver successfully loaded
>20:08:08.680 INFO  [main] com.goit.restaurant.dao.DeskDaoImpl - Desk with NUMBER qwerty desk is creating in DB
>20:08:08.691 INFO  [main] com.goit.restaurant.dao.DeskDaoImpl - Desk with ID 24 is deleting from DB
>20:08:08.707 INFO  [main] com.goit.restaurant.dao.DaoCommons - Loading JDBC driver: org.postgresql.Driver
>20:08:08.707 INFO  [main] com.goit.restaurant.dao.DaoCommons - Driver successfully loaded
>20:08:08.793 INFO  [main] c.g.restaurant.dao.EmployeeDaoImpl - Employee is creating in DB
>20:08:08.822 INFO  [main] c.g.restaurant.dao.EmployeeDaoImpl - Employee with ID 17 is deleting from DB
>20:08:08.836 INFO  [main] com.goit.restaurant.dao.DaoCommons - Loading JDBC driver: org.postgresql.Driver
>20:08:08.837 INFO  [main] com.goit.restaurant.dao.DaoCommons - Driver successfully loaded
>20:08:08.852 INFO  [main] com.goit.restaurant.dao.DaoCommons - Loading JDBC driver: org.postgresql.Driver
>20:08:08.853 INFO  [main] com.goit.restaurant.dao.DaoCommons - Driver successfully loaded
>20:08:08.874 INFO  [main] c.g.restaurant.dao.EmployeeDaoImpl - Employee is creating in DB
>20:08:08.906 INFO  [main] c.g.restaurant.dao.EmployeeDaoImpl - Employee with ID 18 is deleting from DB
>20:08:08.911 INFO  [main] com.goit.restaurant.dao.DaoCommons - Loading JDBC driver: org.postgresql.Driver
>20:08:08.912 INFO  [main] com.goit.restaurant.dao.DaoCommons - Driver successfully loaded
>20:08:08.927 INFO  [main] com.goit.restaurant.dao.DaoCommons - Loading JDBC driver: org.postgresql.Driver
>20:08:08.928 INFO  [main] com.goit.restaurant.dao.DaoCommons - Driver successfully loaded
>20:08:08.954 INFO  [main] c.g.restaurant.dao.IngredientDaoImpl - Ingredient with TITLE Test ingredient title is creating in DB
>20:08:08.977 INFO  [main] c.g.restaurant.dao.IngredientDaoImpl - Ingredient with ID 18 is deleting from DB
>20:08:08.979 INFO  [main] com.goit.restaurant.dao.DaoCommons - Loading JDBC driver: org.postgresql.Driver
>20:08:08.979 INFO  [main] com.goit.restaurant.dao.DaoCommons - Driver successfully loaded
>20:08:08.992 INFO  [main] c.g.restaurant.dao.IngredientDaoImpl - Ingredient with TITLE qwerty Ingredient is creating in DB
>20:08:09.006 INFO  [main] c.g.restaurant.dao.IngredientDaoImpl - Ingredient with ID 19 is deleting from DB
>20:08:09.018 INFO  [main] com.goit.restaurant.dao.DaoCommons - Loading JDBC driver: org.postgresql.Driver
>20:08:09.019 INFO  [main] com.goit.restaurant.dao.DaoCommons - Driver successfully loaded
>20:08:09.037 INFO  [main] c.g.restaurant.dao.IngredientDaoImpl - Ingredient with TITLE qwerty Ingredient is creating in DB
>20:08:09.053 INFO  [main] c.g.restaurant.dao.IngredientDaoImpl - Ingredient with ID 20 is updating from DB
>20:08:09.078 INFO  [main] c.g.restaurant.dao.IngredientDaoImpl - Ingredient with ID 20 is deleting from DB
>20:08:09.084 INFO  [main] com.goit.restaurant.dao.DaoCommons - Loading JDBC driver: org.postgresql.Driver
>20:08:09.084 INFO  [main] com.goit.restaurant.dao.DaoCommons - Driver successfully loaded
>20:08:09.099 INFO  [main] com.goit.restaurant.dao.DaoCommons - Loading JDBC driver: org.postgresql.Driver
>20:08:09.100 INFO  [main] com.goit.restaurant.dao.DaoCommons - Driver successfully loaded
>20:08:09.134 INFO  [main] c.g.restaurant.dao.PositionDaoImpl - Position with TITLE qwerty is creating in DB
>20:08:09.155 INFO  [main] c.g.restaurant.dao.PositionDaoImpl - Position with ID 26 is updating from DB
>20:08:09.179 INFO  [main] c.g.restaurant.dao.PositionDaoImpl - Position with ID 26 is deleting from DB
>20:08:09.180 INFO  [main] com.goit.restaurant.dao.DaoCommons - Loading JDBC driver: org.postgresql.Driver
>20:08:09.180 INFO  [main] com.goit.restaurant.dao.DaoCommons - Driver successfully loaded
>20:08:09.189 INFO  [main] c.g.restaurant.dao.PositionDaoImpl - Position with TITLE Test position60905 is creating in DB
>20:08:09.231 INFO  [main] c.g.restaurant.dao.PositionDaoImpl - Position with ID 27 is deleting from DB
>20:08:09.233 INFO  [main] com.goit.restaurant.dao.DaoCommons - Loading JDBC driver: org.postgresql.Driver
>20:08:09.233 INFO  [main] com.goit.restaurant.dao.DaoCommons - Driver successfully loaded
>20:08:09.251 INFO  [main] c.g.restaurant.dao.PositionDaoImpl - Position with TITLE qwerty is creating in DB
>20:08:09.264 INFO  [main] c.g.restaurant.dao.PositionDaoImpl - Position with ID 28 is deleting from DB
>20:08:09.288 INFO  [main] com.goit.restaurant.dao.DaoCommons - Loading JDBC driver: org.postgresql.Driver
>20:08:09.289 INFO  [main] com.goit.restaurant.dao.DaoCommons - Driver successfully loaded
>20:08:09.320 INFO  [main] com.goit.restaurant.dao.StockDaoImpl - Stock is creating in DB
>20:08:09.343 INFO  [main] com.goit.restaurant.dao.StockDaoImpl - Stock with ID 15 is deleting from DB
>20:08:09.361 INFO  [main] com.goit.restaurant.dao.DaoCommons - Loading JDBC driver: org.postgresql.Driver
>20:08:09.361 INFO  [main] com.goit.restaurant.dao.DaoCommons - Driver successfully loaded
>20:08:09.371 INFO  [main] com.goit.restaurant.dao.DaoCommons - Loading JDBC driver: org.postgresql.Driver
>20:08:09.371 INFO  [main] com.goit.restaurant.dao.DaoCommons - Driver successfully loaded
>20:08:09.390 INFO  [main] com.goit.restaurant.dao.StockDaoImpl - Stock is creating in DB
>20:08:09.427 INFO  [main] com.goit.restaurant.dao.StockDaoImpl - Stock with ID 16 is deleting from DB
