#
# A fatal error has been detected by the Java Runtime Environment:
#
#  Internal Error (safepoint.cpp:310), pid=848, tid=11267
#  guarantee(PageArmed == 0) failed: invariant
#
# JRE version: Java(TM) SE Runtime Environment (8.0_91-b14) (build 1.8.0_91-b14)
# Java VM: Java HotSpot(TM) 64-Bit Server VM (25.91-b14 mixed mode bsd-amd64 compressed oops)
# Failed to write core dump. Core dumps have been disabled. To enable core dumping, try "ulimit -c unlimited" before starting Java again
#
# If you would like to submit a bug report, please visit:
#   http://bugreport.java.com/bugreport/crash.jsp
#

---------------  T H R E A D  ---------------

Current thread (0x00007f97d3018800):  VMThread [stack: 0x0000700000629000,0x0000700000729000] [id=11267]

Stack: [0x0000700000629000,0x0000700000729000],  sp=0x0000700000728910,  free space=1022k
Native frames: (J=compiled Java code, j=interpreted, Vv=VM code, C=native code)
V  [libjvm.dylib+0x5a8f92]
V  [libjvm.dylib+0x1e7303]
V  [libjvm.dylib+0x4dbb18]
V  [libjvm.dylib+0x5af525]
V  [libjvm.dylib+0x5aee53]
V  [libjvm.dylib+0x484f82]
C  [libsystem_pthread.dylib+0x399d]  _pthread_body+0x83
C  [libsystem_pthread.dylib+0x391a]  _pthread_body+0x0
C  [libsystem_pthread.dylib+0x1351]  thread_start+0xd

VM_Operation (0x0000700000a31658): Exit, mode: safepoint, requested by thread 0x00007f97d2871800


---------------  P R O C E S S  ---------------

Java Threads: ( => current thread )
  0x00007f97d2871800 JavaThread "SIGINT handler" daemon [_thread_blocked, id=13067, stack(0x0000700000932000,0x0000700000a32000)]
  0x00007f97d2870000 JavaThread "Monitor Ctrl-Break" daemon [_thread_in_native, id=19971, stack(0x000070000104a000,0x000070000114a000)]
  0x00007f97d201f000 JavaThread "Service Thread" daemon [_thread_blocked, id=18947, stack(0x0000700000e44000,0x0000700000f44000)]
  0x00007f97d201e800 JavaThread "C1 CompilerThread2" daemon [_thread_blocked, id=18435, stack(0x0000700000d41000,0x0000700000e41000)]
  0x00007f97d201d800 JavaThread "C2 CompilerThread1" daemon [_thread_blocked, id=17923, stack(0x0000700000c3e000,0x0000700000d3e000)]
  0x00007f97d281e000 JavaThread "C2 CompilerThread0" daemon [_thread_blocked, id=17411, stack(0x0000700000b3b000,0x0000700000c3b000)]
  0x00007f97d2805800 JavaThread "Finalizer" daemon [_thread_blocked, id=12291, stack(0x000070000082f000,0x000070000092f000)]
  0x00007f97d2028000 JavaThread "Reference Handler" daemon [_thread_blocked, id=11779, stack(0x000070000072c000,0x000070000082c000)]
  0x00007f97d1809800 JavaThread "main" [_thread_in_Java, id=5891, stack(0x000070000011a000,0x000070000021a000)]

Other Threads:
=>0x00007f97d3018800 VMThread [stack: 0x0000700000629000,0x0000700000729000] [id=11267]

VM state:synchronizing (normal execution)

VM Mutex/Monitor currently owned by a thread:  ([mutex/lock_event])
[0x00007f97d1401480] Safepoint_lock - owner thread: 0x00007f97d3018800
[0x00007f97d1401500] Threads_lock - owner thread: 0x00007f97d3018800

Heap:
 PSYoungGen      total 38400K, used 36107K [0x0000000795580000, 0x0000000798000000, 0x00000007c0000000)
  eden space 33280K, 93% used [0x0000000795580000,0x00000007973c6f20,0x0000000797600000)
  from space 5120K, 99% used [0x0000000797600000,0x0000000797afc010,0x0000000797b00000)
  to   space 5120K, 0% used [0x0000000797b00000,0x0000000797b00000,0x0000000798000000)
 ParOldGen       total 87552K, used 4992K [0x0000000740000000, 0x0000000745580000, 0x0000000795580000)
  object space 87552K, 5% used [0x0000000740000000,0x00000007404e0000,0x0000000745580000)
 Metaspace       used 3026K, capacity 4498K, committed 4864K, reserved 1056768K
  class space    used 333K, capacity 386K, committed 512K, reserved 1048576K

Card table byte_map: [0x0000000119fc0000,0x000000011a3c1000] byte_map_base: 0x00000001165c0000

Marking Bits: (ParMarkBitMap*) 0x0000000109c48eb0
 Begin Bits: [0x000000011a66c000, 0x000000011c66c000)
 End Bits:   [0x000000011c66c000, 0x000000011e66c000)

Polling page: 0x000000010a33d000

CodeCache: size=245760Kb used=1203Kb max_used=1215Kb free=244556Kb
 bounds [0x000000010ac00000, 0x000000010ae70000, 0x0000000119c00000]
 total_blobs=333 nmethods=92 adapters=155
 compilation: enabled

Compilation events (10 events):
Event: 3.747 Thread 0x00007f97d281e000   88 %     4       com.goit.collections.LinkedListDemo::getElementFromLinkedList @ 12 (48 bytes)
Event: 3.755 Thread 0x00007f97d281e000 nmethod 88% 0x000000010ad2e3d0 code [0x000000010ad2e540, 0x000000010ad2e898]
Event: 6.390 Thread 0x00007f97d201e800   89       3       java.util.LinkedList::linkLast (59 bytes)
Event: 6.390 Thread 0x00007f97d201d800   90       4       com.goit.collections.LinkedListDemo::randomLinkedListFilling (40 bytes)
Event: 6.390 Thread 0x00007f97d201e800 nmethod 89 0x000000010ad2ddd0 code [0x000000010ad2df40, 0x000000010ad2e290]
Event: 6.396 Thread 0x00007f97d201d800 nmethod 90 0x000000010ad2c350 code [0x000000010ad2c500, 0x000000010ad2c998]
Event: 8.659 Thread 0x00007f97d281e000   91 %     4       com.goit.collections.LinkedListDemo::getElementFromLinkedList @ 12 (48 bytes)
Event: 8.666 Thread 0x00007f97d281e000 nmethod 91% 0x000000010ad2bb50 code [0x000000010ad2bcc0, 0x000000010ad2bfd8]
Event: 9.451 Thread 0x00007f97d201d800   92       4       com.goit.collections.LinkedListDemo::getElementFromLinkedList (48 bytes)
Event: 9.458 Thread 0x00007f97d201d800 nmethod 92 0x000000010ad2d610 code [0x000000010ad2d780, 0x000000010ad2da68]

GC Heap History (2 events):
Event: 26.113 GC heap before
{Heap before GC invocations=1 (full 0):
 PSYoungGen      total 38400K, used 33280K [0x0000000795580000, 0x0000000798000000, 0x00000007c0000000)
  eden space 33280K, 100% used [0x0000000795580000,0x0000000797600000,0x0000000797600000)
  from space 5120K, 0% used [0x0000000797b00000,0x0000000797b00000,0x0000000798000000)
  to   space 5120K, 0% used [0x0000000797600000,0x0000000797600000,0x0000000797b00000)
 ParOldGen       total 87552K, used 0K [0x0000000740000000, 0x0000000745580000, 0x0000000795580000)
  object space 87552K, 0% used [0x0000000740000000,0x0000000740000000,0x0000000745580000)
 Metaspace       used 3017K, capacity 4498K, committed 4864K, reserved 1056768K
  class space    used 332K, capacity 386K, committed 512K, reserved 1048576K
Event: 26.146 GC heap after
Heap after GC invocations=1 (full 0):
 PSYoungGen      total 38400K, used 5104K [0x0000000795580000, 0x0000000798000000, 0x00000007c0000000)
  eden space 33280K, 0% used [0x0000000795580000,0x0000000795580000,0x0000000797600000)
  from space 5120K, 99% used [0x0000000797600000,0x0000000797afc010,0x0000000797b00000)
  to   space 5120K, 0% used [0x0000000797b00000,0x0000000797b00000,0x0000000798000000)
 ParOldGen       total 87552K, used 4992K [0x0000000740000000, 0x0000000745580000, 0x0000000795580000)
  object space 87552K, 5% used [0x0000000740000000,0x00000007404e0000,0x0000000745580000)
 Metaspace       used 3017K, capacity 4498K, committed 4864K, reserved 1056768K
  class space    used 332K, capacity 386K, committed 512K, reserved 1048576K
}

Deoptimization events (5 events):
Event: 0.264 Thread 0x00007f97d1809800 Uncommon trap: reason=unstable_if action=reinterpret pc=0x000000010ad2343c method=java.util.LinkedList.node(I)Ljava/util/LinkedList$Node; @ 7
Event: 0.296 Thread 0x00007f97d1809800 Uncommon trap: reason=unstable_if action=reinterpret pc=0x000000010ad20044 method=java.util.LinkedList.linkLast(Ljava/lang/Object;)V @ 22
Event: 6.390 Thread 0x00007f97d1809800 Uncommon trap: reason=unstable_if action=reinterpret pc=0x000000010ad2e778 method=com.goit.collections.LinkedListDemo.getElementFromLinkedList(I)J @ 15
Event: 6.390 Thread 0x00007f97d1809800 Uncommon trap: reason=unstable_if action=reinterpret pc=0x000000010ad20cf4 method=java.util.LinkedList.linkLast(Ljava/lang/Object;)V @ 22
Event: 6.396 Thread 0x00007f97d1809800 Uncommon trap: reason=unstable_if action=reinterpret pc=0x000000010ad28108 method=com.goit.collections.LinkedListDemo.randomLinkedListFilling(I)Ljava/util/LinkedList; @ 12

Internal exceptions (4 events):
Event: 0.056 Thread 0x00007f97d1809800 Exception <a 'java/lang/NoSuchMethodError': Method sun.misc.Unsafe.defineClass(Ljava/lang/String;[BII)Ljava/lang/Class; name or signature does not match> (0x0000000795587cc0) thrown at [/Users/java_re/workspace/8-2-build-macosx-x86_64/jdk8u91/6644/hotspot
Event: 0.056 Thread 0x00007f97d1809800 Exception <a 'java/lang/NoSuchMethodError': Method sun.misc.Unsafe.prefetchRead(Ljava/lang/Object;J)V name or signature does not match> (0x0000000795587fa8) thrown at [/Users/java_re/workspace/8-2-build-macosx-x86_64/jdk8u91/6644/hotspot/src/share/vm/prim
Event: 0.296 Thread 0x00007f97d1809800 Implicit null exception at 0x000000010ad1ffe6 to 0x000000010ad20029
Event: 6.390 Thread 0x00007f97d1809800 Implicit null exception at 0x000000010ad20c99 to 0x000000010ad20cd9

Events (10 events):
Event: 26.146 Executing VM operation: ParallelGCFailedAllocation done
Event: 71.331 loading class sun/misc/Signal$1
Event: 71.331 loading class sun/misc/Signal$1 done
Event: 71.331 Thread 0x00007f97d2871800 Thread added: 0x00007f97d2871800
Event: 71.331 loading class java/lang/Shutdown
Event: 71.331 loading class java/lang/Shutdown done
Event: 71.331 loading class java/lang/Shutdown$Lock
Event: 71.331 loading class java/lang/Shutdown$Lock done
Event: 71.332 Thread 0x00007f97d2829800 Thread exited: 0x00007f97d2829800
Event: 71.332 Executing VM operation: Exit


Dynamic libraries:
0x000000000ab3d000 	/System/Library/Frameworks/Cocoa.framework/Versions/A/Cocoa
0x000000000ab3d000 	/System/Library/Frameworks/Security.framework/Versions/A/Security
0x000000000ab3d000 	/System/Library/Frameworks/ApplicationServices.framework/Versions/A/ApplicationServices
0x000000000ab3d000 	/usr/lib/libz.1.dylib
0x000000000ab3d000 	/usr/lib/libSystem.B.dylib
0x000000000ab3d000 	/usr/lib/libobjc.A.dylib
0x000000000ab3d000 	/System/Library/Frameworks/CoreFoundation.framework/Versions/A/CoreFoundation
0x000000000ab3d000 	/System/Library/Frameworks/Foundation.framework/Versions/C/Foundation
0x000000000ab3d000 	/System/Library/Frameworks/AppKit.framework/Versions/C/AppKit
0x000000000ab3d000 	/System/Library/Frameworks/CoreData.framework/Versions/A/CoreData
0x000000000ab3d000 	/System/Library/PrivateFrameworks/RemoteViewServices.framework/Versions/A/RemoteViewServices
0x000000000ab3d000 	/System/Library/PrivateFrameworks/UIFoundation.framework/Versions/A/UIFoundation
0x000000000ab3d000 	/usr/lib/libScreenReader.dylib
0x000000000ab3d000 	/System/Library/Frameworks/Accelerate.framework/Versions/A/Accelerate
0x000000000ab3d000 	/System/Library/Frameworks/IOSurface.framework/Versions/A/IOSurface
0x000000000ab3d000 	/System/Library/Frameworks/AudioToolbox.framework/Versions/A/AudioToolbox
0x000000000ab3d000 	/System/Library/Frameworks/AudioUnit.framework/Versions/A/AudioUnit
0x000000000ab3d000 	/System/Library/PrivateFrameworks/DataDetectorsCore.framework/Versions/A/DataDetectorsCore
0x000000000ab3d000 	/System/Library/PrivateFrameworks/DesktopServicesPriv.framework/Versions/A/DesktopServicesPriv
0x000000000ab3d000 	/System/Library/Frameworks/Carbon.framework/Versions/A/Frameworks/HIToolbox.framework/Versions/A/HIToolbox
0x000000000ab3d000 	/System/Library/Frameworks/QuartzCore.framework/Versions/A/QuartzCore
0x000000000ab3d000 	/System/Library/Frameworks/Carbon.framework/Versions/A/Frameworks/SpeechRecognition.framework/Versions/A/SpeechRecognition
0x000000000ab3d000 	/usr/lib/libauto.dylib
0x000000000ab3d000 	/usr/lib/libicucore.A.dylib
0x000000000ab3d000 	/usr/lib/libxml2.2.dylib
0x000000000ab3d000 	/System/Library/PrivateFrameworks/CoreUI.framework/Versions/A/CoreUI
0x000000000ab3d000 	/System/Library/Frameworks/CoreAudio.framework/Versions/A/CoreAudio
0x000000000ab3d000 	/System/Library/Frameworks/DiskArbitration.framework/Versions/A/DiskArbitration
0x000000000ab3d000 	/usr/lib/liblangid.dylib
0x000000000ab3d000 	/System/Library/PrivateFrameworks/MultitouchSupport.framework/Versions/A/MultitouchSupport
0x000000000ab3d000 	/System/Library/Frameworks/IOKit.framework/Versions/A/IOKit
0x000000000ab3d000 	/usr/lib/libDiagnosticMessagesClient.dylib
0x000000000ab3d000 	/System/Library/Frameworks/CoreServices.framework/Versions/A/CoreServices
0x000000000ab3d000 	/System/Library/PrivateFrameworks/PerformanceAnalysis.framework/Versions/A/PerformanceAnalysis
0x000000000ab3d000 	/System/Library/PrivateFrameworks/GenerationalStorage.framework/Versions/A/GenerationalStorage
0x000000000ab3d000 	/System/Library/Frameworks/OpenGL.framework/Versions/A/OpenGL
0x000000000ab3d000 	/System/Library/PrivateFrameworks/Sharing.framework/Versions/A/Sharing
0x000000000ab3d000 	/System/Library/Frameworks/CoreGraphics.framework/Versions/A/CoreGraphics
0x000000000ab3d000 	/System/Library/Frameworks/CoreImage.framework/Versions/A/CoreImage
0x000000000ab3d000 	/System/Library/Frameworks/CoreText.framework/Versions/A/CoreText
0x000000000ab3d000 	/System/Library/Frameworks/ImageIO.framework/Versions/A/ImageIO
0x000000000ab3d000 	/System/Library/PrivateFrameworks/Backup.framework/Versions/A/Backup
0x000000000ab3d000 	/usr/lib/libextension.dylib
0x000000000ab3d000 	/usr/lib/libarchive.2.dylib
0x000000000ab3d000 	/System/Library/Frameworks/CFNetwork.framework/Versions/A/CFNetwork
0x000000000ab3d000 	/System/Library/Frameworks/SystemConfiguration.framework/Versions/A/SystemConfiguration
0x000000000ab3d000 	/usr/lib/libCRFSuite.dylib
0x000000000ab3d000 	/usr/lib/libc++.1.dylib
0x000000000ab3d000 	/usr/lib/libc++abi.dylib
0x000000000ab3d000 	/usr/lib/system/libcache.dylib
0x000000000ab3d000 	/usr/lib/system/libcommonCrypto.dylib
0x000000000ab3d000 	/usr/lib/system/libcompiler_rt.dylib
0x000000000ab3d000 	/usr/lib/system/libcopyfile.dylib
0x000000000ab3d000 	/usr/lib/system/libcorecrypto.dylib
0x000000000ab3d000 	/usr/lib/system/libdispatch.dylib
0x000000000ab3d000 	/usr/lib/system/libdyld.dylib
0x000000000ab3d000 	/usr/lib/system/libkeymgr.dylib
0x000000000ab3d000 	/usr/lib/system/liblaunch.dylib
0x000000000ab3d000 	/usr/lib/system/libmacho.dylib
0x000000000ab3d000 	/usr/lib/system/libquarantine.dylib
0x000000000ab3d000 	/usr/lib/system/libremovefile.dylib
0x000000000ab3d000 	/usr/lib/system/libsystem_asl.dylib
0x000000000ab3d000 	/usr/lib/system/libsystem_blocks.dylib
0x000000000ab3d000 	/usr/lib/system/libsystem_c.dylib
0x000000000ab3d000 	/usr/lib/system/libsystem_configuration.dylib
0x000000000ab3d000 	/usr/lib/system/libsystem_coreservices.dylib
0x000000000ab3d000 	/usr/lib/system/libsystem_coretls.dylib
0x000000000ab3d000 	/usr/lib/system/libsystem_dnssd.dylib
0x000000000ab3d000 	/usr/lib/system/libsystem_info.dylib
0x000000000ab3d000 	/usr/lib/system/libsystem_kernel.dylib
0x000000000ab3d000 	/usr/lib/system/libsystem_m.dylib
0x000000000ab3d000 	/usr/lib/system/libsystem_malloc.dylib
0x000000000ab3d000 	/usr/lib/system/libsystem_network.dylib
0x000000000ab3d000 	/usr/lib/system/libsystem_networkextension.dylib
0x000000000ab3d000 	/usr/lib/system/libsystem_notify.dylib
0x000000000ab3d000 	/usr/lib/system/libsystem_platform.dylib
0x000000000ab3d000 	/usr/lib/system/libsystem_pthread.dylib
0x000000000ab3d000 	/usr/lib/system/libsystem_sandbox.dylib
0x000000000ab3d000 	/usr/lib/system/libsystem_secinit.dylib
0x000000000ab3d000 	/usr/lib/system/libsystem_trace.dylib
0x000000000ab3d000 	/usr/lib/system/libunc.dylib
0x000000000ab3d000 	/usr/lib/system/libunwind.dylib
0x000000000ab3d000 	/usr/lib/system/libxpc.dylib
0x000000000ab3d000 	/usr/lib/libenergytrace.dylib
0x000000000ab3d000 	/usr/lib/libbsm.0.dylib
0x000000000ab3d000 	/usr/lib/system/libkxld.dylib
0x000000000ab3d000 	/usr/lib/libxar.1.dylib
0x000000000ab3d000 	/usr/lib/libsqlite3.dylib
0x000000000ab3d000 	/usr/lib/libpam.2.dylib
0x000000000ab3d000 	/usr/lib/libOpenScriptingUtil.dylib
0x000000000ab3d000 	/usr/lib/libbz2.1.0.dylib
0x000000000ab3d000 	/usr/lib/liblzma.5.dylib
0x000000000ab3d000 	/System/Library/Frameworks/CoreServices.framework/Versions/A/Frameworks/FSEvents.framework/Versions/A/FSEvents
0x000000000ab3d000 	/System/Library/Frameworks/CoreServices.framework/Versions/A/Frameworks/CarbonCore.framework/Versions/A/CarbonCore
0x000000000ab3d000 	/System/Library/Frameworks/CoreServices.framework/Versions/A/Frameworks/Metadata.framework/Versions/A/Metadata
0x000000000ab3d000 	/System/Library/Frameworks/CoreServices.framework/Versions/A/Frameworks/OSServices.framework/Versions/A/OSServices
0x000000000ab3d000 	/System/Library/Frameworks/CoreServices.framework/Versions/A/Frameworks/SearchKit.framework/Versions/A/SearchKit
0x000000000ab3d000 	/System/Library/Frameworks/CoreServices.framework/Versions/A/Frameworks/AE.framework/Versions/A/AE
0x000000000ab3d000 	/System/Library/Frameworks/CoreServices.framework/Versions/A/Frameworks/LaunchServices.framework/Versions/A/LaunchServices
0x000000000ab3d000 	/System/Library/Frameworks/CoreServices.framework/Versions/A/Frameworks/DictionaryServices.framework/Versions/A/DictionaryServices
0x000000000ab3d000 	/System/Library/Frameworks/CoreServices.framework/Versions/A/Frameworks/SharedFileList.framework/Versions/A/SharedFileList
0x000000000ab3d000 	/System/Library/Frameworks/NetFS.framework/Versions/A/NetFS
0x000000000ab3d000 	/System/Library/PrivateFrameworks/NetAuth.framework/Versions/A/NetAuth
0x000000000ab3d000 	/System/Library/PrivateFrameworks/login.framework/Versions/A/Frameworks/loginsupport.framework/Versions/A/loginsupport
0x000000000ab3d000 	/System/Library/PrivateFrameworks/TCC.framework/Versions/A/TCC
0x000000000ab3d000 	/usr/lib/libmecabra.dylib
0x000000000ab3d000 	/System/Library/Frameworks/ApplicationServices.framework/Versions/A/Frameworks/ATS.framework/Versions/A/ATS
0x000000000ab3d000 	/System/Library/Frameworks/ApplicationServices.framework/Versions/A/Frameworks/ColorSync.framework/Versions/A/ColorSync
0x000000000ab3d000 	/System/Library/Frameworks/ApplicationServices.framework/Versions/A/Frameworks/HIServices.framework/Versions/A/HIServices
0x000000000ab3d000 	/System/Library/Frameworks/ApplicationServices.framework/Versions/A/Frameworks/LangAnalysis.framework/Versions/A/LangAnalysis
0x000000000ab3d000 	/System/Library/Frameworks/ApplicationServices.framework/Versions/A/Frameworks/PrintCore.framework/Versions/A/PrintCore
0x000000000ab3d000 	/System/Library/Frameworks/ApplicationServices.framework/Versions/A/Frameworks/QD.framework/Versions/A/QD
0x000000000ab3d000 	/System/Library/Frameworks/ApplicationServices.framework/Versions/A/Frameworks/SpeechSynthesis.framework/Versions/A/SpeechSynthesis
0x000000000ab3d000 	/System/Library/Frameworks/Metal.framework/Versions/A/Metal
0x000000000ab3d000 	/System/Library/Frameworks/Accelerate.framework/Versions/A/Frameworks/vImage.framework/Versions/A/vImage
0x000000000ab3d000 	/System/Library/Frameworks/Accelerate.framework/Versions/A/Frameworks/vecLib.framework/Versions/A/vecLib
0x000000000ab3d000 	/System/Library/Frameworks/Accelerate.framework/Versions/A/Frameworks/vecLib.framework/Versions/A/libvDSP.dylib
0x000000000ab3d000 	/System/Library/Frameworks/Accelerate.framework/Versions/A/Frameworks/vecLib.framework/Versions/A/libvMisc.dylib
0x000000000ab3d000 	/System/Library/Frameworks/Accelerate.framework/Versions/A/Frameworks/vecLib.framework/Versions/A/libLAPACK.dylib
0x000000000ab3d000 	/System/Library/Frameworks/Accelerate.framework/Versions/A/Frameworks/vecLib.framework/Versions/A/libBLAS.dylib
0x000000000ab3d000 	/System/Library/Frameworks/Accelerate.framework/Versions/A/Frameworks/vecLib.framework/Versions/A/libLinearAlgebra.dylib
0x000000000ab3d000 	/System/Library/Frameworks/Accelerate.framework/Versions/A/Frameworks/vecLib.framework/Versions/A/libSparseBLAS.dylib
0x000000000ab3d000 	/System/Library/PrivateFrameworks/GPUCompiler.framework/libmetal_timestamp.dylib
0x000000000ab3d000 	/System/Library/Frameworks/OpenGL.framework/Versions/A/Libraries/libCoreFSCache.dylib
0x000000000ab3d000 	/System/Library/PrivateFrameworks/IOAccelerator.framework/Versions/A/IOAccelerator
0x000000000ab3d000 	/System/Library/Frameworks/ApplicationServices.framework/Versions/A/Frameworks/ATS.framework/Versions/A/Resources/libFontParser.dylib
0x000000000ab3d000 	/System/Library/Frameworks/ApplicationServices.framework/Versions/A/Frameworks/ATS.framework/Versions/A/Resources/libFontRegistry.dylib
0x000000000ab3d000 	/System/Library/PrivateFrameworks/AppleVPA.framework/Versions/A/AppleVPA
0x000000000ab3d000 	/System/Library/PrivateFrameworks/AppleJPEG.framework/Versions/A/AppleJPEG
0x000000000ab3d000 	/System/Library/Frameworks/ImageIO.framework/Versions/A/Resources/libJPEG.dylib
0x000000000ab3d000 	/System/Library/Frameworks/ImageIO.framework/Versions/A/Resources/libTIFF.dylib
0x000000000ab3d000 	/System/Library/Frameworks/ImageIO.framework/Versions/A/Resources/libPng.dylib
0x000000000ab3d000 	/System/Library/Frameworks/ImageIO.framework/Versions/A/Resources/libGIF.dylib
0x000000000ab3d000 	/System/Library/Frameworks/ImageIO.framework/Versions/A/Resources/libJP2.dylib
0x000000000ab3d000 	/System/Library/Frameworks/ImageIO.framework/Versions/A/Resources/libRadiance.dylib
0x000000000ab3d000 	/System/Library/Frameworks/CoreVideo.framework/Versions/A/CoreVideo
0x000000000ab3d000 	/System/Library/Frameworks/OpenGL.framework/Versions/A/Libraries/libGLU.dylib
0x000000000ab3d000 	/System/Library/Frameworks/OpenGL.framework/Versions/A/Libraries/libGFXShared.dylib
0x000000000ab3d000 	/System/Library/Frameworks/OpenGL.framework/Versions/A/Libraries/libGL.dylib
0x000000000ab3d000 	/System/Library/Frameworks/OpenGL.framework/Versions/A/Libraries/libGLImage.dylib
0x000000000ab3d000 	/System/Library/Frameworks/OpenGL.framework/Versions/A/Libraries/libCVMSPluginSupport.dylib
0x000000000ab3d000 	/System/Library/Frameworks/OpenGL.framework/Versions/A/Libraries/libCoreVMClient.dylib
0x000000000ab3d000 	/usr/lib/libcompression.dylib
0x000000000ab3d000 	/usr/lib/libcups.2.dylib
0x000000000ab3d000 	/System/Library/Frameworks/Kerberos.framework/Versions/A/Kerberos
0x000000000ab3d000 	/System/Library/Frameworks/GSS.framework/Versions/A/GSS
0x000000000ab3d000 	/usr/lib/libresolv.9.dylib
0x000000000ab3d000 	/usr/lib/libiconv.2.dylib
0x000000000ab3d000 	/System/Library/PrivateFrameworks/Heimdal.framework/Versions/A/Heimdal
0x000000000ab3d000 	/usr/lib/libheimdal-asn1.dylib
0x000000000ab3d000 	/System/Library/Frameworks/OpenDirectory.framework/Versions/A/OpenDirectory
0x000000000ab3d000 	/System/Library/PrivateFrameworks/CommonAuth.framework/Versions/A/CommonAuth
0x000000000ab3d000 	/System/Library/Frameworks/OpenDirectory.framework/Versions/A/Frameworks/CFOpenDirectory.framework/Versions/A/CFOpenDirectory
0x000000000ab3d000 	/System/Library/Frameworks/SecurityFoundation.framework/Versions/A/SecurityFoundation
0x000000000ab3d000 	/System/Library/PrivateFrameworks/LanguageModeling.framework/Versions/A/LanguageModeling
0x000000000ab3d000 	/usr/lib/libmarisa.dylib
0x000000000ab3d000 	/usr/lib/libChineseTokenizer.dylib
0x000000000ab3d000 	/usr/lib/libcmph.dylib
0x000000000ab3d000 	/System/Library/Frameworks/ServiceManagement.framework/Versions/A/ServiceManagement
0x000000000ab3d000 	/usr/lib/libxslt.1.dylib
0x000000000ab3d000 	/System/Library/Frameworks/Carbon.framework/Versions/A/Frameworks/Ink.framework/Versions/A/Ink
0x000000000ab3d000 	/usr/lib/libFosl_dynamic.dylib
0x000000000ab3d000 	/System/Library/PrivateFrameworks/FaceCore.framework/Versions/A/FaceCore
0x000000000ab3d000 	/System/Library/Frameworks/OpenCL.framework/Versions/A/OpenCL
0x000000000ab3d000 	/System/Library/PrivateFrameworks/CrashReporterSupport.framework/Versions/A/CrashReporterSupport
0x000000000ab3d000 	/System/Library/PrivateFrameworks/IconServices.framework/Versions/A/IconServices
0x000000000ab3d000 	/System/Library/PrivateFrameworks/Apple80211.framework/Versions/A/Apple80211
0x000000000ab3d000 	/System/Library/Frameworks/CoreWLAN.framework/Versions/A/CoreWLAN
0x000000000ab3d000 	/System/Library/Frameworks/IOBluetooth.framework/Versions/A/IOBluetooth
0x000000000ab3d000 	/System/Library/PrivateFrameworks/CoreWiFi.framework/Versions/A/CoreWiFi
0x000000000ab3d000 	/System/Library/Frameworks/CoreBluetooth.framework/Versions/A/CoreBluetooth
0x000000000ab3d000 	/System/Library/PrivateFrameworks/ChunkingLibrary.framework/Versions/A/ChunkingLibrary
0x000000000ab3d000 	/System/Library/PrivateFrameworks/DebugSymbols.framework/Versions/A/DebugSymbols
0x000000000ab3d000 	/System/Library/PrivateFrameworks/CoreSymbolication.framework/Versions/A/CoreSymbolication
0x000000000ab3d000 	/System/Library/PrivateFrameworks/Symbolication.framework/Versions/A/Symbolication
0x000000000ab3d000 	/System/Library/PrivateFrameworks/SpeechRecognitionCore.framework/Versions/A/SpeechRecognitionCore
0x000000004f02c000 	/System/Library/CoreServices/Encodings/libCyrillicConverter.dylib
0x0000000109362000 	/Library/Java/JavaVirtualMachines/jdk1.8.0_91.jdk/Contents/Home/jre/lib/server/libjvm.dylib
0x000000000ab3d000 	/usr/lib/libstdc++.6.dylib
0x000000010a2fa000 	/Library/Java/JavaVirtualMachines/jdk1.8.0_91.jdk/Contents/Home/jre/lib/libverify.dylib
0x000000010a308000 	/Library/Java/JavaVirtualMachines/jdk1.8.0_91.jdk/Contents/Home/jre/lib/libjava.dylib
0x000000010a347000 	/Library/Java/JavaVirtualMachines/jdk1.8.0_91.jdk/Contents/Home/jre/lib/libzip.dylib
0x00000001204b7000 	/System/Library/Frameworks/JavaVM.framework/Frameworks/JavaRuntimeSupport.framework/JavaRuntimeSupport
0x00000001204d2000 	/System/Library/Frameworks/JavaVM.framework/Versions/A/Frameworks/JavaNativeFoundation.framework/Versions/A/JavaNativeFoundation
0x00000001204e7000 	/System/Library/Frameworks/JavaVM.framework/Versions/A/JavaVM
0x000000000ab3d000 	/System/Library/Frameworks/Carbon.framework/Versions/A/Carbon
0x00000001204f4000 	/System/Library/PrivateFrameworks/JavaLaunching.framework/Versions/A/JavaLaunching
0x000000000ab3d000 	/System/Library/Frameworks/Carbon.framework/Versions/A/Frameworks/CommonPanels.framework/Versions/A/CommonPanels
0x000000000ab3d000 	/System/Library/Frameworks/Carbon.framework/Versions/A/Frameworks/Help.framework/Versions/A/Help
0x000000000ab3d000 	/System/Library/Frameworks/Carbon.framework/Versions/A/Frameworks/ImageCapture.framework/Versions/A/ImageCapture
0x000000000ab3d000 	/System/Library/Frameworks/Carbon.framework/Versions/A/Frameworks/OpenScripting.framework/Versions/A/OpenScripting
0x000000000ab3d000 	/System/Library/Frameworks/Carbon.framework/Versions/A/Frameworks/Print.framework/Versions/A/Print
0x000000000ab3d000 	/System/Library/Frameworks/Carbon.framework/Versions/A/Frameworks/SecurityHI.framework/Versions/A/SecurityHI
0x0000000121f31000 	/Applications/IntelliJ IDEA.app/Contents/bin/libbreakgen64.jnilib
0x0000000121f34000 	/Library/Java/JavaVirtualMachines/jdk1.8.0_91.jdk/Contents/Home/jre/lib/libnet.dylib

VM Arguments:
jvm_args: -Didea.launcher.port=7535 -Didea.launcher.bin.path=/Applications/IntelliJ IDEA.app/Contents/bin -Dfile.encoding=UTF-8 
java_command: com.intellij.rt.execution.application.AppMain com.goit.collections.LinkedListDemo
java_class_path (initial): /Library/Java/JavaVirtualMachines/jdk1.8.0_91.jdk/Contents/Home/jre/lib/charsets.jar:/Library/Java/JavaVirtualMachines/jdk1.8.0_91.jdk/Contents/Home/jre/lib/deploy.jar:/Library/Java/JavaVirtualMachines/jdk1.8.0_91.jdk/Contents/Home/jre/lib/ext/cldrdata.jar:/Library/Java/JavaVirtualMachines/jdk1.8.0_91.jdk/Contents/Home/jre/lib/ext/dnsns.jar:/Library/Java/JavaVirtualMachines/jdk1.8.0_91.jdk/Contents/Home/jre/lib/ext/jaccess.jar:/Library/Java/JavaVirtualMachines/jdk1.8.0_91.jdk/Contents/Home/jre/lib/ext/jfxrt.jar:/Library/Java/JavaVirtualMachines/jdk1.8.0_91.jdk/Contents/Home/jre/lib/ext/localedata.jar:/Library/Java/JavaVirtualMachines/jdk1.8.0_91.jdk/Contents/Home/jre/lib/ext/nashorn.jar:/Library/Java/JavaVirtualMachines/jdk1.8.0_91.jdk/Contents/Home/jre/lib/ext/sunec.jar:/Library/Java/JavaVirtualMachines/jdk1.8.0_91.jdk/Contents/Home/jre/lib/ext/sunjce_provider.jar:/Library/Java/JavaVirtualMachines/jdk1.8.0_91.jdk/Contents/Home/jre/lib/ext/sunpkcs11.jar:/Library/Java/JavaVirtualMachines/jdk1.8.0_91.jdk/Contents/Home/jre/lib/ext/zipfs.jar:/Library/Java/JavaVirtualMachines/jdk1.8.0_91.jdk/Contents/Home/jre/lib/javaws.jar:/Library/Java/JavaVirtualMachines/jdk1.8.0_91.jdk/Contents/Home/jre/lib/jce.jar:/Library/Java/JavaVirtualMachines/jdk1.8.0_91.jdk/Contents/Home/jre/lib/jfr.jar:/Library/Java/JavaVirtualMachines/jdk1.8.0_91.jdk/Contents/Home/jre/lib/jfxswt.jar:/Library/Java/JavaVirtualMachines/jdk1.8.0_91.jdk/Contents/Home/jre/lib/jsse.jar:/Library/Java/JavaVirtualMachines/jdk1.8.0_91.jdk/Contents/Home/jre/lib/management-agent.jar:/Library/Java/JavaVirtualMachines/jdk1.8.0_91.jdk/Contents/Home/jre/lib/plugin.jar:/Library/Java/JavaVirtualMachines/jdk1.8.0_91.jdk/Contents/Home/jre/lib/resources.jar:/Library/Java/JavaVirtualMachines/jdk1.8.0_91.jdk/Contents/Home/jre/lib/rt.jar:/Library/Java/JavaVirtualMachines/jdk1.8.0_91.jdk/Contents/Home/lib/ant-javafx.jar:/Library/Java/JavaVirtualMachines/jdk1.8.0_91.jdk/Contents/Home/lib/dt.jar:/Library/Ja
Launcher Type: SUN_STANDARD

Environment Variables:
PATH=/usr/local/bin:/usr/bin:/bin:/usr/sbin:/sbin
SHELL=/bin/bash

Signal Handlers:
SIGSEGV: [libjvm.dylib+0x5a97a1], sa_mask[0]=11111111011111110111111111111111, sa_flags=SA_ONSTACK|SA_RESTART|SA_SIGINFO
SIGBUS: [libjvm.dylib+0x5a97a1], sa_mask[0]=11111111011111110111111111111111, sa_flags=SA_RESTART|SA_SIGINFO
SIGFPE: [libjvm.dylib+0x482594], sa_mask[0]=11111111011111110111111111111111, sa_flags=SA_RESTART|SA_SIGINFO
SIGPIPE: [libjvm.dylib+0x482594], sa_mask[0]=11111111011111110111111111111111, sa_flags=SA_RESTART|SA_SIGINFO
SIGXFSZ: [libjvm.dylib+0x482594], sa_mask[0]=11111111011111110111111111111111, sa_flags=SA_RESTART|SA_SIGINFO
SIGILL: [libjvm.dylib+0x482594], sa_mask[0]=11111111011111110111111111111111, sa_flags=SA_RESTART|SA_SIGINFO
SIGUSR1: SIG_DFL, sa_mask[0]=00000000000000000000000000000000, sa_flags=none
SIGUSR2: [libjvm.dylib+0x4820b2], sa_mask[0]=00100000000000000000000000000000, sa_flags=SA_RESTART|SA_SIGINFO
SIGHUP: [libjvm.dylib+0x480689], sa_mask[0]=11111111011111110111111111111111, sa_flags=SA_RESTART|SA_SIGINFO
SIGINT: [libjvm.dylib+0x480689], sa_mask[0]=11111111011111110111111111111111, sa_flags=SA_RESTART|SA_SIGINFO
SIGTERM: [libjvm.dylib+0x480689], sa_mask[0]=11111111011111110111111111111111, sa_flags=SA_RESTART|SA_SIGINFO
SIGQUIT: [libjvm.dylib+0x480689], sa_mask[0]=11111111011111110111111111111111, sa_flags=SA_RESTART|SA_SIGINFO


---------------  S Y S T E M  ---------------

OS:Bsduname:Darwin 15.5.0 Darwin Kernel Version 15.5.0: Tue Apr 19 18:36:36 PDT 2016; root:xnu-3248.50.21~8/RELEASE_X86_64 x86_64
rlimit: STACK 8192k, CORE 0k, NPROC 709, NOFILE 10240, AS infinity
load average:2.97 3.58 3.12

CPU:total 4 (2 cores per cpu, 2 threads per core) family 6 model 58 stepping 9, cmov, cx8, fxsr, mmx, sse, sse2, sse3, ssse3, sse4.1, sse4.2, popcnt, avx, aes, clmul, erms, ht, tsc, tscinvbit, tscinv

Memory: 4k page, physical 8388608k(654556k free)

/proc/meminfo:


vm_info: Java HotSpot(TM) 64-Bit Server VM (25.91-b14) for bsd-amd64 JRE (1.8.0_91-b14), built on Apr  1 2016 01:03:00 by "java_re" with gcc 4.2.1 (Based on Apple Inc. build 5658) (LLVM build 2336.11.00)

time: Wed May 25 23:41:51 2016
elapsed time: 639 seconds (0d 0h 10m 39s)

