>23:23:22.100 INFO  [main] com.goit.restaurant.dao.DaoCommons - Loading JDBC driver: org.postgresql.Driver
>23:23:22.145 INFO  [main] com.goit.restaurant.dao.DaoCommons - Driver successfully loaded
>23:23:22.278 INFO  [main] c.g.restaurant.dao.EmployeeDaoImpl - Employee is creating in DB
>23:23:22.287 INFO  [main] c.g.restaurant.dao.EmployeeDaoImpl - Employee with ID 5 is deleting from DB
>23:23:22.296 INFO  [main] com.goit.restaurant.dao.DaoCommons - Loading JDBC driver: org.postgresql.Driver
>23:23:22.297 INFO  [main] com.goit.restaurant.dao.DaoCommons - Driver successfully loaded
>23:23:22.320 INFO  [main] com.goit.restaurant.dao.DaoCommons - Loading JDBC driver: org.postgresql.Driver
>23:23:22.326 INFO  [main] com.goit.restaurant.dao.DaoCommons - Driver successfully loaded
>23:23:22.355 INFO  [main] c.g.restaurant.dao.EmployeeDaoImpl - Employee is creating in DB
>23:23:22.405 INFO  [main] c.g.restaurant.dao.EmployeeDaoImpl - Employee with ID 6 is deleting from DB
>23:23:22.416 INFO  [main] com.goit.restaurant.dao.DaoCommons - Loading JDBC driver: org.postgresql.Driver
>23:23:22.417 INFO  [main] com.goit.restaurant.dao.DaoCommons - Driver successfully loaded
>23:23:22.445 INFO  [main] com.goit.restaurant.dao.DaoCommons - Loading JDBC driver: org.postgresql.Driver
>23:23:22.446 INFO  [main] com.goit.restaurant.dao.DaoCommons - Driver successfully loaded
>23:23:22.471 INFO  [main] c.g.restaurant.dao.PositionDaoImpl - Position with TITLE qwerty is creating in DB
>23:23:22.494 INFO  [main] c.g.restaurant.dao.PositionDaoImpl - Position with ID 9 is updating from DB
>23:23:22.530 INFO  [main] c.g.restaurant.dao.PositionDaoImpl - Position with ID 9 is deleting from DB
>23:23:22.531 INFO  [main] com.goit.restaurant.dao.DaoCommons - Loading JDBC driver: org.postgresql.Driver
>23:23:22.531 INFO  [main] com.goit.restaurant.dao.DaoCommons - Driver successfully loaded
>23:23:22.545 INFO  [main] c.g.restaurant.dao.PositionDaoImpl - Position with TITLE Test position60905 is creating in DB
>23:23:22.596 INFO  [main] c.g.restaurant.dao.PositionDaoImpl - Position with ID 10 is deleting from DB
>23:23:22.600 INFO  [main] com.goit.restaurant.dao.DaoCommons - Loading JDBC driver: org.postgresql.Driver
>23:23:22.601 INFO  [main] com.goit.restaurant.dao.DaoCommons - Driver successfully loaded
>23:23:22.627 INFO  [main] c.g.restaurant.dao.PositionDaoImpl - Position with TITLE qwerty is creating in DB
>23:23:22.647 INFO  [main] c.g.restaurant.dao.PositionDaoImpl - Position with ID 11 is deleting from DB
>23:59:40.304 INFO  [main] com.goit.restaurant.dao.DaoCommons - Loading JDBC driver: org.postgresql.Driver
>23:59:40.372 INFO  [main] com.goit.restaurant.dao.DaoCommons - Driver successfully loaded
>23:59:40.680 INFO  [main] c.g.restaurant.dao.EmployeeDaoImpl - Employee is creating in DB
>23:59:40.696 INFO  [main] c.g.restaurant.dao.EmployeeDaoImpl - Employee with ID 7 is deleting from DB
>23:59:40.707 INFO  [main] com.goit.restaurant.dao.DaoCommons - Loading JDBC driver: org.postgresql.Driver
>23:59:40.708 INFO  [main] com.goit.restaurant.dao.DaoCommons - Driver successfully loaded
>23:59:40.734 INFO  [main] com.goit.restaurant.dao.DaoCommons - Loading JDBC driver: org.postgresql.Driver
>23:59:40.735 INFO  [main] com.goit.restaurant.dao.DaoCommons - Driver successfully loaded
>23:59:40.762 INFO  [main] c.g.restaurant.dao.EmployeeDaoImpl - Employee is creating in DB
>23:59:40.803 INFO  [main] c.g.restaurant.dao.EmployeeDaoImpl - Employee with ID 8 is deleting from DB
>23:59:40.817 INFO  [main] com.goit.restaurant.dao.DaoCommons - Loading JDBC driver: org.postgresql.Driver
>23:59:40.819 INFO  [main] com.goit.restaurant.dao.DaoCommons - Driver successfully loaded
>23:59:40.847 INFO  [main] com.goit.restaurant.dao.DaoCommons - Loading JDBC driver: org.postgresql.Driver
>23:59:40.860 INFO  [main] com.goit.restaurant.dao.DaoCommons - Driver successfully loaded
>23:59:40.888 INFO  [main] c.g.restaurant.dao.PositionDaoImpl - Position with TITLE qwerty is creating in DB
>23:59:40.900 INFO  [main] c.g.restaurant.dao.PositionDaoImpl - Position with ID 12 is updating from DB
>23:59:40.944 INFO  [main] c.g.restaurant.dao.PositionDaoImpl - Position with ID 12 is deleting from DB
>23:59:40.946 INFO  [main] com.goit.restaurant.dao.DaoCommons - Loading JDBC driver: org.postgresql.Driver
>23:59:40.949 INFO  [main] com.goit.restaurant.dao.DaoCommons - Driver successfully loaded
>23:59:40.969 INFO  [main] c.g.restaurant.dao.PositionDaoImpl - Position with TITLE Test position60905 is creating in DB
>23:59:41.030 INFO  [main] c.g.restaurant.dao.PositionDaoImpl - Position with ID 13 is deleting from DB
>23:59:41.036 INFO  [main] com.goit.restaurant.dao.DaoCommons - Loading JDBC driver: org.postgresql.Driver
>23:59:41.037 INFO  [main] com.goit.restaurant.dao.DaoCommons - Driver successfully loaded
>23:59:41.056 INFO  [main] c.g.restaurant.dao.PositionDaoImpl - Position with TITLE qwerty is creating in DB
>23:59:41.074 INFO  [main] c.g.restaurant.dao.PositionDaoImpl - Position with ID 14 is deleting from DB
